Using pre-set license
Built from '2020.3/release' branch; Version is '2020.3.1f1 (77a89f25062f) revision 7841951'; Using compiler version '192528614'; Build Type 'Release'
OS: 'Windows 10 Pro; OS build 21313.1000; Version 2009; 64bit' Language: 'en' Physical Memory: 8096 MB
BatchMode: 1, IsHumanControllingUs: 0, StartBugReporterOnCrash: 0, Is64bit: 1, IsPro: 0

 COMMAND LINE ARGUMENTS:
D:\Program Files (x86)\2020.3.1f1\Editor\Unity.exe
-adb2
-batchMode
-noUpm
-name
AssetImportWorker0
-projectPath
E:/Punya Ariel/Proyek Ariel/Game Engine/2D Platformer Training Arc
-logFile
Logs/AssetImportWorker0.log
-srvPort
51019
Successfully changed project path to: E:/Punya Ariel/Proyek Ariel/Game Engine/2D Platformer Training Arc
E:/Punya Ariel/Proyek Ariel/Game Engine/2D Platformer Training Arc
Using Asset Import Pipeline V2.
Refreshing native plugins compatible for Editor in 107.99 ms, found 1 plugins.
Preloading 0 native plugins for Editor in 0.00 ms.
Initialize engine version: 2020.3.1f1 (77a89f25062f)
[Subsystems] Discovering subsystems at path D:/Program Files (x86)/2020.3.1f1/Editor/Data/Resources/UnitySubsystems
[Subsystems] Discovering subsystems at path E:/Punya Ariel/Proyek Ariel/Game Engine/2D Platformer Training Arc/Assets
GfxDevice: creating device client; threaded=0
Direct3D:
    Version:  Direct3D 11.0 [level 11.0]
    Renderer: NVIDIA GeForce 610M (ID=0x1058)
    Vendor:   
    VRAM:     1974 MB
    Driver:   23.21.13.9135
Initialize mono
Mono path[0] = 'D:/Program Files (x86)/2020.3.1f1/Editor/Data/Managed'
Mono path[1] = 'D:/Program Files (x86)/2020.3.1f1/Editor/Data/MonoBleedingEdge/lib/mono/unityjit'
Mono config path = 'D:/Program Files (x86)/2020.3.1f1/Editor/Data/MonoBleedingEdge/etc'
Using monoOptions --debugger-agent=transport=dt_socket,embedding=1,server=y,suspend=n,address=127.0.0.1:56676
Begin MonoManager ReloadAssembly
Registering precompiled unity dll's ...
Register platform support module: D:/Program Files (x86)/2020.3.1f1/Editor/Data/PlaybackEngines/WindowsStandaloneSupport/UnityEditor.WindowsStandalone.Extensions.dll
Registered in 0.001677 seconds.
Native extension for WindowsStandalone target not found
Refreshing native plugins compatible for Editor in 107.13 ms, found 1 plugins.
Preloading 0 native plugins for Editor in 0.00 ms.
Invoked RoslynAnalysisRunner static constructor.
RoslynAnalysisRunner will not be running.
RoslynAnalysisRunner has terminated.
Mono: successfully reloaded assembly
- Completed reload, in  1.904 seconds
Platform modules already initialized, skipping
Registering precompiled user dll's ...
Registered in 0.001375 seconds.
Begin MonoManager ReloadAssembly
Native extension for WindowsStandalone target not found
Refreshing native plugins compatible for Editor in 80.17 ms, found 1 plugins.
Preloading 0 native plugins for Editor in 0.00 ms.
Invoked RoslynAnalysisRunner static constructor.
RoslynAnalysisRunner will not be running.
RoslynAnalysisRunner has terminated.
Mono: successfully reloaded assembly
- Completed reload, in  1.934 seconds
Platform modules already initialized, skipping
========================================================================
Worker process is ready to serve import requests
Launched and connected shader compiler UnityShaderCompiler.exe after 0.17 seconds
Refreshing native plugins compatible for Editor in 1.04 ms, found 1 plugins.
Preloading 0 native plugins for Editor in 0.00 ms.
Unloading 2209 Unused Serialized files (Serialized files now loaded: 0)
System memory in use before: 98.5 MB.
System memory in use after: 98.6 MB.

Unloading 24 unused Assets to reduce memory usage. Loaded Objects now: 2656.
Total: 4.289400 ms (FindLiveObjects: 0.538900 ms CreateObjectMapping: 0.330100 ms MarkObjects: 3.215000 ms  DeleteObjects: 0.124800 ms)

========================================================================
Received Import Request.
  path: Assets/Standard Assets/2D/Animator/2dCharacterAnimator.controller
  artifactKey: Guid(5fc43f0c4b413534ba12c51c0e5e5f6f) Importer(815301076,1909f56bfc062723c751e8b465ee728b)
Start importing Assets/Standard Assets/2D/Animator/2dCharacterAnimator.controller using Guid(5fc43f0c4b413534ba12c51c0e5e5f6f) Importer(815301076,1909f56bfc062723c751e8b465ee728b)  -> (artifact id: 'ee9679e0d74245d44ec965908f1873ed') in 0.170161 seconds
  Import took 0.221615 seconds .

========================================================================
Received Prepare
Registering precompiled user dll's ...
Registered in 0.001778 seconds.
Begin MonoManager ReloadAssembly
Native extension for WindowsStandalone target not found
Refreshing native plugins compatible for Editor in 0.72 ms, found 1 plugins.
Preloading 0 native plugins for Editor in 0.00 ms.
Invoked RoslynAnalysisRunner static constructor.
RoslynAnalysisRunner will not be running.
RoslynAnalysisRunner has terminated.
Mono: successfully reloaded assembly
- Completed reload, in  4.691 seconds
Platform modules already initialized, skipping
Refreshing native plugins compatible for Editor in 0.85 ms, found 1 plugins.
Preloading 0 native plugins for Editor in 0.00 ms.
Unloading 2199 Unused Serialized files (Serialized files now loaded: 0)
System memory in use before: 97.9 MB.
System memory in use after: 98.1 MB.

Unloading 12 unused Assets to reduce memory usage. Loaded Objects now: 2659.
Total: 7.961100 ms (FindLiveObjects: 0.402200 ms CreateObjectMapping: 0.171800 ms MarkObjects: 7.346300 ms  DeleteObjects: 0.037700 ms)

========================================================================
Received Import Request.
  Time since last request: 78430.510210 seconds.
  path: Assets/Scenes/testScene1.unity
  artifactKey: Guid(d97f12768ed15b44aa6b989d5bd92291) Importer(815301076,1909f56bfc062723c751e8b465ee728b)
Start importing Assets/Scenes/testScene1.unity using Guid(d97f12768ed15b44aa6b989d5bd92291) Importer(815301076,1909f56bfc062723c751e8b465ee728b)  -> (artifact id: 'e68c8fe823189bc03889e3f59c54a3af') in 0.274195 seconds
  Import took 0.414570 seconds .

========================================================================
Received Import Request.
  Time since last request: 291.124839 seconds.
  path: Assets/Standard Assets/CrossPlatformInput
  artifactKey: Guid(710bc43f80d178548bd226c252c8e65b) Importer(815301076,1909f56bfc062723c751e8b465ee728b)
Start importing Assets/Standard Assets/CrossPlatformInput using Guid(710bc43f80d178548bd226c252c8e65b) Importer(815301076,1909f56bfc062723c751e8b465ee728b)  -> (artifact id: '1550b899e7f7af43f1f980f6d8df38a0') in 0.041220 seconds
  Import took 0.086011 seconds .

========================================================================
Received Import Request.
  Time since last request: 3.550134 seconds.
  path: Assets/Standard Assets/2D/Scripts/PlatformerCharacter2D.cs
  artifactKey: Guid(d08f91df3bd212f429df17f53ce2f364) Importer(815301076,1909f56bfc062723c751e8b465ee728b)
Start importing Assets/Standard Assets/2D/Scripts/PlatformerCharacter2D.cs using Guid(d08f91df3bd212f429df17f53ce2f364) Importer(815301076,1909f56bfc062723c751e8b465ee728b)  -> (artifact id: '263d6cf63a3f35b92789e711950eed51') in 0.072051 seconds
  Import took 0.110139 seconds .

========================================================================
Received Import Request.
  Time since last request: 0.467151 seconds.
  path: Assets/Standard Assets/2D/Scripts/CameraFollow.cs
  artifactKey: Guid(a9dfad760b6e9455593192a6d869f7ed) Importer(815301076,1909f56bfc062723c751e8b465ee728b)
Start importing Assets/Standard Assets/2D/Scripts/CameraFollow.cs using Guid(a9dfad760b6e9455593192a6d869f7ed) Importer(815301076,1909f56bfc062723c751e8b465ee728b)  -> (artifact id: '3944c5e86fffd0335352c78e3256e8a0') in 0.041324 seconds
  Import took 0.064011 seconds .

========================================================================
Received Import Request.
  Time since last request: 368.902000 seconds.
  path: ProjectSettings/TagManager.asset
  artifactKey: Guid(00000000000000003000000000000000) Importer(815301076,1909f56bfc062723c751e8b465ee728b)
Start importing ProjectSettings/TagManager.asset using Guid(00000000000000003000000000000000) Importer(815301076,1909f56bfc062723c751e8b465ee728b)  -> (artifact id: '06dd1346dd6372a23abcfecf3571bdda') in 0.047769 seconds
  Import took 0.078446 seconds .

========================================================================
Received Prepare
Registering precompiled user dll's ...
Registered in 0.001688 seconds.
Begin MonoManager ReloadAssembly
Native extension for WindowsStandalone target not found
Refreshing native plugins compatible for Editor in 0.78 ms, found 1 plugins.
Preloading 0 native plugins for Editor in 0.00 ms.
Invoked RoslynAnalysisRunner static constructor.
RoslynAnalysisRunner will not be running.
RoslynAnalysisRunner has terminated.
Mono: successfully reloaded assembly
- Completed reload, in  2.012 seconds
Platform modules already initialized, skipping
Refreshing native plugins compatible for Editor in 0.72 ms, found 1 plugins.
Preloading 0 native plugins for Editor in 0.00 ms.
Unloading 2199 Unused Serialized files (Serialized files now loaded: 0)
System memory in use before: 98.0 MB.
System memory in use after: 98.1 MB.

Unloading 13 unused Assets to reduce memory usage. Loaded Objects now: 2662.
Total: 4.420700 ms (FindLiveObjects: 0.390000 ms CreateObjectMapping: 0.124900 ms MarkObjects: 3.856400 ms  DeleteObjects: 0.046500 ms)

========================================================================
Received Prepare
Registering precompiled user dll's ...
Registered in 0.001651 seconds.
Begin MonoManager ReloadAssembly
Native extension for WindowsStandalone target not found
Refreshing native plugins compatible for Editor in 0.72 ms, found 1 plugins.
Preloading 0 native plugins for Editor in 0.00 ms.
Invoked RoslynAnalysisRunner static constructor.
RoslynAnalysisRunner will not be running.
RoslynAnalysisRunner has terminated.
Mono: successfully reloaded assembly
- Completed reload, in  2.122 seconds
Platform modules already initialized, skipping
Refreshing native plugins compatible for Editor in 0.68 ms, found 1 plugins.
Preloading 0 native plugins for Editor in 0.00 ms.
Unloading 2199 Unused Serialized files (Serialized files now loaded: 0)
System memory in use before: 98.0 MB.
System memory in use after: 98.1 MB.

Unloading 12 unused Assets to reduce memory usage. Loaded Objects now: 2665.
Total: 3.395500 ms (FindLiveObjects: 0.556400 ms CreateObjectMapping: 0.143900 ms MarkObjects: 2.659700 ms  DeleteObjects: 0.032600 ms)

========================================================================
Received Import Request.
  Time since last request: 72.732008 seconds.
  path: Packages/com.unity.ugui
  artifactKey: Guid(8f7652e09069a1943278893d4264401e) Importer(815301076,1909f56bfc062723c751e8b465ee728b)
Start importing Packages/com.unity.ugui using Guid(8f7652e09069a1943278893d4264401e) Importer(815301076,1909f56bfc062723c751e8b465ee728b)  -> (artifact id: 'a010615c9024ffaae6490b7c414e805a') in 0.022900 seconds
  Import took 0.028352 seconds .

========================================================================
Received Import Request.
  Time since last request: 0.524250 seconds.
  path: Packages/com.unity.ide.vscode
  artifactKey: Guid(1c61a04a5b7737c4d16673d64be4194e) Importer(815301076,1909f56bfc062723c751e8b465ee728b)
Start importing Packages/com.unity.ide.vscode using Guid(1c61a04a5b7737c4d16673d64be4194e) Importer(815301076,1909f56bfc062723c751e8b465ee728b)  -> (artifact id: 'c605ae8f4f1d0901d699ca9457e09be3') in 0.017424 seconds
  Import took 0.044142 seconds .

========================================================================
Received Import Request.
  Time since last request: 0.763203 seconds.
  path: Packages/com.unity.subsystemregistration
  artifactKey: Guid(9b97b950bd7976cfa3f5fa2e7f0383b3) Importer(815301076,1909f56bfc062723c751e8b465ee728b)
Start importing Packages/com.unity.subsystemregistration using Guid(9b97b950bd7976cfa3f5fa2e7f0383b3) Importer(815301076,1909f56bfc062723c751e8b465ee728b)  -> (artifact id: '77b1f6671e94283b92f1119ada15b91f') in 0.018124 seconds
  Import took 0.090423 seconds .

========================================================================
Received Import Request.
  Time since last request: 0.469144 seconds.
  path: Packages/com.unity.mathematics
  artifactKey: Guid(795e97ad99e2f6ffd2060ae1983b6f25) Importer(815301076,1909f56bfc062723c751e8b465ee728b)
Start importing Packages/com.unity.mathematics using Guid(795e97ad99e2f6ffd2060ae1983b6f25) Importer(815301076,1909f56bfc062723c751e8b465ee728b)  -> (artifact id: 'e3ea55c36124c0095209b352e8eabbdb') in 0.066956 seconds
  Import took 0.121396 seconds .

========================================================================
Received Import Request.
  Time since last request: 0.712370 seconds.
  path: Packages/com.unity.2d.psdimporter
  artifactKey: Guid(89fcc900e56380574db74dc98ed08bf1) Importer(815301076,1909f56bfc062723c751e8b465ee728b)
Start importing Packages/com.unity.2d.psdimporter using Guid(89fcc900e56380574db74dc98ed08bf1) Importer(815301076,1909f56bfc062723c751e8b465ee728b)  -> (artifact id: '50d25806211390ef0719feb78a3c4dd4') in 0.041891 seconds
  Import took 0.064856 seconds .

========================================================================
Received Import Request.
  Time since last request: 25.848156 seconds.
  path: Assets/Standard Assets/MyAssets
  artifactKey: Guid(b3878555e8b9e4145a531bd853e6c331) Importer(815301076,1909f56bfc062723c751e8b465ee728b)
Start importing Assets/Standard Assets/MyAssets using Guid(b3878555e8b9e4145a531bd853e6c331) Importer(815301076,1909f56bfc062723c751e8b465ee728b)  -> (artifact id: '730d62d97fcf842f8fb76ef7576462bf') in 0.029204 seconds
  Import took 0.036307 seconds .

========================================================================
Received Import Request.
  Time since last request: 0.015763 seconds.
  path: Assets/Standard Assets/MyAssets
  artifactKey: Guid(b3878555e8b9e4145a531bd853e6c331) Importer(815301076,1909f56bfc062723c751e8b465ee728b)
Start importing Assets/Standard Assets/MyAssets using Guid(b3878555e8b9e4145a531bd853e6c331) Importer(815301076,1909f56bfc062723c751e8b465ee728b)  -> (artifact id: '730d62d97fcf842f8fb76ef7576462bf') in 0.009902 seconds
  Import took 0.019181 seconds .

========================================================================
Received Import Request.
  Time since last request: 23.183882 seconds.
  path: Assets/Standard Assets/MyAssets/2DCharController.cs
  artifactKey: Guid(11bd462cc2a7b934a9ae94e6d08bd8dc) Importer(815301076,1909f56bfc062723c751e8b465ee728b)
Start importing Assets/Standard Assets/MyAssets/2DCharController.cs using Guid(11bd462cc2a7b934a9ae94e6d08bd8dc) Importer(815301076,1909f56bfc062723c751e8b465ee728b)  -> (artifact id: '2fcbbe55ec59d64db61b3f674d269fdf') in 0.029375 seconds
  Import took 0.068372 seconds .

========================================================================
Received Prepare
Registering precompiled user dll's ...
Registered in 0.001641 seconds.
Begin MonoManager ReloadAssembly
Native extension for WindowsStandalone target not found
Refreshing native plugins compatible for Editor in 0.69 ms, found 1 plugins.
Preloading 0 native plugins for Editor in 0.00 ms.
Invoked RoslynAnalysisRunner static constructor.
RoslynAnalysisRunner will not be running.
RoslynAnalysisRunner has terminated.
Mono: successfully reloaded assembly
- Completed reload, in  1.713 seconds
Platform modules already initialized, skipping
Refreshing native plugins compatible for Editor in 0.70 ms, found 1 plugins.
Preloading 0 native plugins for Editor in 0.00 ms.
Unloading 2200 Unused Serialized files (Serialized files now loaded: 0)
System memory in use before: 98.1 MB.
System memory in use after: 98.2 MB.

Unloading 12 unused Assets to reduce memory usage. Loaded Objects now: 2669.
Total: 4.090100 ms (FindLiveObjects: 0.466200 ms CreateObjectMapping: 0.115400 ms MarkObjects: 3.461100 ms  DeleteObjects: 0.045000 ms)

========================================================================
Received Import Request.
  Time since last request: 46.636313 seconds.
  path: Assets/Standard Assets/MyAssets/2DCharController.cs
  artifactKey: Guid(11bd462cc2a7b934a9ae94e6d08bd8dc) Importer(815301076,1909f56bfc062723c751e8b465ee728b)
Start importing Assets/Standard Assets/MyAssets/2DCharController.cs using Guid(11bd462cc2a7b934a9ae94e6d08bd8dc) Importer(815301076,1909f56bfc062723c751e8b465ee728b)  -> (artifact id: 'aeeeb9cb2db68948d05add73ee58d025') in 0.012749 seconds
  Import took 0.046594 seconds .

========================================================================
Received Prepare
Registering precompiled user dll's ...
Registered in 0.007460 seconds.
Begin MonoManager ReloadAssembly
Native extension for WindowsStandalone target not found
Refreshing native plugins compatible for Editor in 0.73 ms, found 1 plugins.
Preloading 0 native plugins for Editor in 0.00 ms.
Invoked RoslynAnalysisRunner static constructor.
RoslynAnalysisRunner will not be running.
RoslynAnalysisRunner has terminated.
Mono: successfully reloaded assembly
- Completed reload, in  2.063 seconds
Platform modules already initialized, skipping
Refreshing native plugins compatible for Editor in 0.74 ms, found 1 plugins.
Preloading 0 native plugins for Editor in 0.00 ms.
Unloading 2200 Unused Serialized files (Serialized files now loaded: 0)
System memory in use before: 98.1 MB.
System memory in use after: 98.2 MB.

Unloading 12 unused Assets to reduce memory usage. Loaded Objects now: 2672.
Total: 4.063200 ms (FindLiveObjects: 0.409700 ms CreateObjectMapping: 0.136900 ms MarkObjects: 3.482700 ms  DeleteObjects: 0.031500 ms)

========================================================================
Received Import Request.
  Time since last request: 114.461311 seconds.
  path: Assets/MyAssets/CharacterController2D.cs
  artifactKey: Guid(11bd462cc2a7b934a9ae94e6d08bd8dc) Importer(815301076,1909f56bfc062723c751e8b465ee728b)
Start importing Assets/MyAssets/CharacterController2D.cs using Guid(11bd462cc2a7b934a9ae94e6d08bd8dc) Importer(815301076,1909f56bfc062723c751e8b465ee728b)  -> (artifact id: '7c7f8a63ca7f5b6f6b7694d55831f066') in 0.107870 seconds
  Import took 0.163818 seconds .

========================================================================
Received Prepare
Registering precompiled user dll's ...
Registered in 0.018562 seconds.
Begin MonoManager ReloadAssembly
Native extension for WindowsStandalone target not found
Refreshing native plugins compatible for Editor in 0.78 ms, found 1 plugins.
Preloading 0 native plugins for Editor in 0.00 ms.
Invoked RoslynAnalysisRunner static constructor.
RoslynAnalysisRunner will not be running.
RoslynAnalysisRunner has terminated.
Mono: successfully reloaded assembly
- Completed reload, in  1.753 seconds
Platform modules already initialized, skipping
Refreshing native plugins compatible for Editor in 1.29 ms, found 1 plugins.
Preloading 0 native plugins for Editor in 0.00 ms.
Unloading 2200 Unused Serialized files (Serialized files now loaded: 0)
System memory in use before: 98.1 MB.
System memory in use after: 98.2 MB.

Unloading 12 unused Assets to reduce memory usage. Loaded Objects now: 2675.
Total: 5.943200 ms (FindLiveObjects: 0.415100 ms CreateObjectMapping: 0.567000 ms MarkObjects: 4.915200 ms  DeleteObjects: 0.043200 ms)

========================================================================
Received Prepare
Registering precompiled user dll's ...
Registered in 0.001468 seconds.
Begin MonoManager ReloadAssembly
Native extension for WindowsStandalone target not found
Refreshing native plugins compatible for Editor in 1.16 ms, found 1 plugins.
Preloading 0 native plugins for Editor in 0.00 ms.
Invoked RoslynAnalysisRunner static constructor.
RoslynAnalysisRunner will not be running.
RoslynAnalysisRunner has terminated.
Mono: successfully reloaded assembly
- Completed reload, in  2.343 seconds
Platform modules already initialized, skipping
Refreshing native plugins compatible for Editor in 0.81 ms, found 1 plugins.
Preloading 0 native plugins for Editor in 0.00 ms.
Unloading 2200 Unused Serialized files (Serialized files now loaded: 0)
System memory in use before: 98.1 MB.
System memory in use after: 98.2 MB.

Unloading 12 unused Assets to reduce memory usage. Loaded Objects now: 2678.
Total: 3.526000 ms (FindLiveObjects: 0.408000 ms CreateObjectMapping: 0.111800 ms MarkObjects: 2.973300 ms  DeleteObjects: 0.030700 ms)

========================================================================
Received Prepare
Registering precompiled user dll's ...
Registered in 0.001279 seconds.
Begin MonoManager ReloadAssembly
Native extension for WindowsStandalone target not found
Refreshing native plugins compatible for Editor in 0.69 ms, found 1 plugins.
Preloading 0 native plugins for Editor in 0.00 ms.
Invoked RoslynAnalysisRunner static constructor.
RoslynAnalysisRunner will not be running.
RoslynAnalysisRunner has terminated.
Mono: successfully reloaded assembly
- Completed reload, in  4.068 seconds
Platform modules already initialized, skipping
Refreshing native plugins compatible for Editor in 0.80 ms, found 1 plugins.
Preloading 0 native plugins for Editor in 0.00 ms.
Unloading 2200 Unused Serialized files (Serialized files now loaded: 0)
System memory in use before: 98.1 MB.
System memory in use after: 98.2 MB.

Unloading 12 unused Assets to reduce memory usage. Loaded Objects now: 2681.
Total: 3.193900 ms (FindLiveObjects: 0.301900 ms CreateObjectMapping: 0.120700 ms MarkObjects: 2.736400 ms  DeleteObjects: 0.032700 ms)

========================================================================
Received Prepare
Registering precompiled user dll's ...
Registered in 0.001919 seconds.
Begin MonoManager ReloadAssembly
Native extension for WindowsStandalone target not found
Refreshing native plugins compatible for Editor in 0.71 ms, found 1 plugins.
Preloading 0 native plugins for Editor in 0.00 ms.
Invoked RoslynAnalysisRunner static constructor.
RoslynAnalysisRunner will not be running.
RoslynAnalysisRunner has terminated.
Mono: successfully reloaded assembly
- Completed reload, in  1.779 seconds
Platform modules already initialized, skipping
Refreshing native plugins compatible for Editor in 0.71 ms, found 1 plugins.
Preloading 0 native plugins for Editor in 0.00 ms.
Unloading 2201 Unused Serialized files (Serialized files now loaded: 0)
System memory in use before: 98.1 MB.
System memory in use after: 98.3 MB.

Unloading 12 unused Assets to reduce memory usage. Loaded Objects now: 2685.
Total: 4.216400 ms (FindLiveObjects: 0.242100 ms CreateObjectMapping: 0.101300 ms MarkObjects: 3.843400 ms  DeleteObjects: 0.027400 ms)

========================================================================
Received Prepare
Registering precompiled user dll's ...
Registered in 0.005309 seconds.
Begin MonoManager ReloadAssembly
Native extension for WindowsStandalone target not found
Refreshing native plugins compatible for Editor in 0.78 ms, found 1 plugins.
Preloading 0 native plugins for Editor in 0.00 ms.
Invoked RoslynAnalysisRunner static constructor.
RoslynAnalysisRunner will not be running.
RoslynAnalysisRunner has terminated.
Mono: successfully reloaded assembly
- Completed reload, in  1.883 seconds
Platform modules already initialized, skipping
Refreshing native plugins compatible for Editor in 0.74 ms, found 1 plugins.
Preloading 0 native plugins for Editor in 0.00 ms.
Unloading 2201 Unused Serialized files (Serialized files now loaded: 0)
System memory in use before: 98.2 MB.
System memory in use after: 98.3 MB.

Unloading 12 unused Assets to reduce memory usage. Loaded Objects now: 2688.
Total: 4.646900 ms (FindLiveObjects: 0.433200 ms CreateObjectMapping: 0.164700 ms MarkObjects: 4.013600 ms  DeleteObjects: 0.032800 ms)

========================================================================
Received Import Request.
  Time since last request: 413.433646 seconds.
  path: Assets/MyAssets/PlayerMovement.cs
  artifactKey: Guid(07d4f0d8e24cde54a9b5be2e48481e85) Importer(815301076,1909f56bfc062723c751e8b465ee728b)
Start importing Assets/MyAssets/PlayerMovement.cs using Guid(07d4f0d8e24cde54a9b5be2e48481e85) Importer(815301076,1909f56bfc062723c751e8b465ee728b)  -> (artifact id: 'c4f154fc7544c0c6f4c8e51daeb15f19') in 0.021660 seconds
  Import took 0.027688 seconds .

========================================================================
Received Prepare
Registering precompiled user dll's ...
Registered in 0.001292 seconds.
Begin MonoManager ReloadAssembly
Native extension for WindowsStandalone target not found
Refreshing native plugins compatible for Editor in 1.17 ms, found 1 plugins.
Preloading 0 native plugins for Editor in 0.00 ms.
Invoked RoslynAnalysisRunner static constructor.
RoslynAnalysisRunner will not be running.
RoslynAnalysisRunner has terminated.
Mono: successfully reloaded assembly
- Completed reload, in  2.263 seconds
Platform modules already initialized, skipping
Refreshing native plugins compatible for Editor in 0.72 ms, found 1 plugins.
Preloading 0 native plugins for Editor in 0.00 ms.
Unloading 2201 Unused Serialized files (Serialized files now loaded: 0)
System memory in use before: 98.2 MB.
System memory in use after: 98.3 MB.

Unloading 12 unused Assets to reduce memory usage. Loaded Objects now: 2691.
Total: 7.064800 ms (FindLiveObjects: 0.513400 ms CreateObjectMapping: 0.154300 ms MarkObjects: 6.359700 ms  DeleteObjects: 0.034500 ms)

========================================================================
Received Prepare
Registering precompiled user dll's ...
Registered in 0.002153 seconds.
Begin MonoManager ReloadAssembly
Native extension for WindowsStandalone target not found
Refreshing native plugins compatible for Editor in 0.69 ms, found 1 plugins.
Preloading 0 native plugins for Editor in 0.00 ms.
Invoked RoslynAnalysisRunner static constructor.
RoslynAnalysisRunner will not be running.
RoslynAnalysisRunner has terminated.
Mono: successfully reloaded assembly
- Completed reload, in  1.569 seconds
Platform modules already initialized, skipping
Refreshing native plugins compatible for Editor in 0.71 ms, found 1 plugins.
Preloading 0 native plugins for Editor in 0.00 ms.
Unloading 2201 Unused Serialized files (Serialized files now loaded: 0)
System memory in use before: 98.2 MB.
System memory in use after: 98.3 MB.

Unloading 12 unused Assets to reduce memory usage. Loaded Objects now: 2694.
Total: 3.122300 ms (FindLiveObjects: 0.257400 ms CreateObjectMapping: 0.104400 ms MarkObjects: 2.714900 ms  DeleteObjects: 0.043500 ms)

========================================================================
Received Prepare
Registering precompiled user dll's ...
Registered in 0.001565 seconds.
Begin MonoManager ReloadAssembly
Native extension for WindowsStandalone target not found
Refreshing native plugins compatible for Editor in 1.01 ms, found 1 plugins.
Preloading 0 native plugins for Editor in 0.00 ms.
Invoked RoslynAnalysisRunner static constructor.
RoslynAnalysisRunner will not be running.
RoslynAnalysisRunner has terminated.
Mono: successfully reloaded assembly
- Completed reload, in  2.101 seconds
Platform modules already initialized, skipping
Refreshing native plugins compatible for Editor in 0.78 ms, found 1 plugins.
Preloading 0 native plugins for Editor in 0.00 ms.
Unloading 2201 Unused Serialized files (Serialized files now loaded: 0)
System memory in use before: 98.2 MB.
System memory in use after: 98.3 MB.

Unloading 12 unused Assets to reduce memory usage. Loaded Objects now: 2697.
Total: 3.074200 ms (FindLiveObjects: 0.240200 ms CreateObjectMapping: 0.101300 ms MarkObjects: 2.697500 ms  DeleteObjects: 0.033000 ms)

========================================================================
Received Prepare
Registering precompiled user dll's ...
Registered in 0.100420 seconds.
Begin MonoManager ReloadAssembly
Native extension for WindowsStandalone target not found
Refreshing native plugins compatible for Editor in 0.71 ms, found 1 plugins.
Preloading 0 native plugins for Editor in 0.00 ms.
Invoked RoslynAnalysisRunner static constructor.
RoslynAnalysisRunner will not be running.
RoslynAnalysisRunner has terminated.
Mono: successfully reloaded assembly
- Completed reload, in  1.794 seconds
Platform modules already initialized, skipping
Refreshing native plugins compatible for Editor in 0.89 ms, found 1 plugins.
Preloading 0 native plugins for Editor in 0.00 ms.
Unloading 2201 Unused Serialized files (Serialized files now loaded: 0)
System memory in use before: 98.2 MB.
System memory in use after: 98.3 MB.

Unloading 12 unused Assets to reduce memory usage. Loaded Objects now: 2700.
Total: 4.257800 ms (FindLiveObjects: 0.438700 ms CreateObjectMapping: 0.143100 ms MarkObjects: 3.642000 ms  DeleteObjects: 0.032000 ms)

========================================================================
Received Prepare
Registering precompiled user dll's ...
Registered in 0.001373 seconds.
Begin MonoManager ReloadAssembly
Native extension for WindowsStandalone target not found
Refreshing native plugins compatible for Editor in 1.00 ms, found 1 plugins.
Preloading 0 native plugins for Editor in 0.00 ms.
Invoked RoslynAnalysisRunner static constructor.
RoslynAnalysisRunner will not be running.
RoslynAnalysisRunner has terminated.
Mono: successfully reloaded assembly
- Completed reload, in  1.932 seconds
Platform modules already initialized, skipping
Refreshing native plugins compatible for Editor in 0.72 ms, found 1 plugins.
Preloading 0 native plugins for Editor in 0.00 ms.
Unloading 2201 Unused Serialized files (Serialized files now loaded: 0)
System memory in use before: 98.2 MB.
System memory in use after: 98.3 MB.

Unloading 12 unused Assets to reduce memory usage. Loaded Objects now: 2703.
Total: 3.715800 ms (FindLiveObjects: 0.265600 ms CreateObjectMapping: 0.096600 ms MarkObjects: 3.320200 ms  DeleteObjects: 0.030300 ms)

========================================================================
Received Prepare
Registering precompiled user dll's ...
Registered in 0.001864 seconds.
Begin MonoManager ReloadAssembly
Native extension for WindowsStandalone target not found
Refreshing native plugins compatible for Editor in 0.69 ms, found 1 plugins.
Preloading 0 native plugins for Editor in 0.00 ms.
Invoked RoslynAnalysisRunner static constructor.
RoslynAnalysisRunner will not be running.
RoslynAnalysisRunner has terminated.
Mono: successfully reloaded assembly
- Completed reload, in  1.569 seconds
Platform modules already initialized, skipping
Refreshing native plugins compatible for Editor in 0.71 ms, found 1 plugins.
Preloading 0 native plugins for Editor in 0.00 ms.
Unloading 2201 Unused Serialized files (Serialized files now loaded: 0)
System memory in use before: 98.2 MB.
System memory in use after: 98.3 MB.

Unloading 12 unused Assets to reduce memory usage. Loaded Objects now: 2706.
Total: 3.215800 ms (FindLiveObjects: 0.373600 ms CreateObjectMapping: 0.106400 ms MarkObjects: 2.689500 ms  DeleteObjects: 0.044000 ms)

========================================================================
Received Prepare
Registering precompiled user dll's ...
Registered in 0.002047 seconds.
Begin MonoManager ReloadAssembly
Native extension for WindowsStandalone target not found
Refreshing native plugins compatible for Editor in 1.48 ms, found 1 plugins.
Preloading 0 native plugins for Editor in 0.00 ms.
Invoked RoslynAnalysisRunner static constructor.
RoslynAnalysisRunner will not be running.
RoslynAnalysisRunner has terminated.
Mono: successfully reloaded assembly
- Completed reload, in  3.548 seconds
Platform modules already initialized, skipping
Refreshing native plugins compatible for Editor in 1.02 ms, found 1 plugins.
Preloading 0 native plugins for Editor in 0.00 ms.
Unloading 2201 Unused Serialized files (Serialized files now loaded: 0)
System memory in use before: 98.2 MB.
System memory in use after: 98.3 MB.

Unloading 12 unused Assets to reduce memory usage. Loaded Objects now: 2709.
Total: 4.744300 ms (FindLiveObjects: 0.400000 ms CreateObjectMapping: 0.114100 ms MarkObjects: 4.188700 ms  DeleteObjects: 0.038600 ms)

========================================================================
Received Prepare
Registering precompiled user dll's ...
Registered in 0.001757 seconds.
Begin MonoManager ReloadAssembly
Native extension for WindowsStandalone target not found
Refreshing native plugins compatible for Editor in 0.71 ms, found 1 plugins.
Preloading 0 native plugins for Editor in 0.00 ms.
Invoked RoslynAnalysisRunner static constructor.
RoslynAnalysisRunner will not be running.
RoslynAnalysisRunner has terminated.
Mono: successfully reloaded assembly
- Completed reload, in  2.324 seconds
Platform modules already initialized, skipping
Refreshing native plugins compatible for Editor in 1.24 ms, found 1 plugins.
Preloading 0 native plugins for Editor in 0.00 ms.
Unloading 2201 Unused Serialized files (Serialized files now loaded: 0)
System memory in use before: 98.2 MB.
System memory in use after: 98.3 MB.

Unloading 12 unused Assets to reduce memory usage. Loaded Objects now: 2712.
Total: 3.048000 ms (FindLiveObjects: 0.249000 ms CreateObjectMapping: 0.099700 ms MarkObjects: 2.667100 ms  DeleteObjects: 0.029900 ms)

========================================================================
Received Import Request.
  Time since last request: 920.923599 seconds.
  path: Assets/MyAssets/New Physic Material.physicMaterial
  artifactKey: Guid(37f3f90d2f815a149b2dd479464fbbd0) Importer(815301076,1909f56bfc062723c751e8b465ee728b)
Start importing Assets/MyAssets/New Physic Material.physicMaterial using Guid(37f3f90d2f815a149b2dd479464fbbd0) Importer(815301076,1909f56bfc062723c751e8b465ee728b)  -> (artifact id: '2c4f1fe6a5a536a4461baff68cacaca5') in 0.055248 seconds
  Import took 0.082588 seconds .

========================================================================
Received Import Request.
  Time since last request: 0.006372 seconds.
  path: Assets/MyAssets/New Physic Material.physicMaterial
  artifactKey: Guid(37f3f90d2f815a149b2dd479464fbbd0) Importer(815301076,1909f56bfc062723c751e8b465ee728b)
Start importing Assets/MyAssets/New Physic Material.physicMaterial using Guid(37f3f90d2f815a149b2dd479464fbbd0) Importer(815301076,1909f56bfc062723c751e8b465ee728b)  -> (artifact id: '2c4f1fe6a5a536a4461baff68cacaca5') in 0.017149 seconds
  Import took 0.027836 seconds .

========================================================================
Received Import Request.
  Time since last request: 10.470587 seconds.
  path: Assets/MyAssets/New Font.fontsettings
  artifactKey: Guid(46a5719e9ec6bc641ab39e5aa499906b) Importer(815301076,1909f56bfc062723c751e8b465ee728b)
Start importing Assets/MyAssets/New Font.fontsettings using Guid(46a5719e9ec6bc641ab39e5aa499906b) Importer(815301076,1909f56bfc062723c751e8b465ee728b)  -> (artifact id: 'c427b3e403acba195ba93e9d3c8e0aeb') in 0.061333 seconds
  Import took 0.086298 seconds .

========================================================================
Received Import Request.
  Time since last request: 0.007809 seconds.
  path: Assets/MyAssets/New Font.fontsettings
  artifactKey: Guid(46a5719e9ec6bc641ab39e5aa499906b) Importer(815301076,1909f56bfc062723c751e8b465ee728b)
Start importing Assets/MyAssets/New Font.fontsettings using Guid(46a5719e9ec6bc641ab39e5aa499906b) Importer(815301076,1909f56bfc062723c751e8b465ee728b)  -> (artifact id: 'c427b3e403acba195ba93e9d3c8e0aeb') in 0.020503 seconds
  Import took 0.027878 seconds .

========================================================================
Received Import Request.
  Time since last request: 32.028882 seconds.
  path: Assets/MyAssets/Slippery.physicMaterial
  artifactKey: Guid(37f3f90d2f815a149b2dd479464fbbd0) Importer(815301076,1909f56bfc062723c751e8b465ee728b)
Start importing Assets/MyAssets/Slippery.physicMaterial using Guid(37f3f90d2f815a149b2dd479464fbbd0) Importer(815301076,1909f56bfc062723c751e8b465ee728b)  -> (artifact id: '2a949727f2b9695979e4737c614553c7') in 0.037293 seconds
  Import took 0.060055 seconds .

========================================================================
Received Import Request.
  Time since last request: 67.999541 seconds.
  path: Assets/MyAssets/Slippery.physicsMaterial2D
  artifactKey: Guid(c71343e187434994fa95d4a81c354309) Importer(815301076,1909f56bfc062723c751e8b465ee728b)
Start importing Assets/MyAssets/Slippery.physicsMaterial2D using Guid(c71343e187434994fa95d4a81c354309) Importer(815301076,1909f56bfc062723c751e8b465ee728b)  -> (artifact id: '8497791d97972b2bd4cd01571f8c7681') in 0.033373 seconds
  Import took 0.049603 seconds .

========================================================================
Received Import Request.
  Time since last request: 0.001355 seconds.
  path: Assets/MyAssets/Slippery.physicsMaterial2D
  artifactKey: Guid(c71343e187434994fa95d4a81c354309) Importer(815301076,1909f56bfc062723c751e8b465ee728b)
Start importing Assets/MyAssets/Slippery.physicsMaterial2D using Guid(c71343e187434994fa95d4a81c354309) Importer(815301076,1909f56bfc062723c751e8b465ee728b)  -> (artifact id: '8497791d97972b2bd4cd01571f8c7681') in 0.016002 seconds
  Import took 0.023245 seconds .

========================================================================
Received Prepare
Registering precompiled user dll's ...
Registered in 0.001737 seconds.
Begin MonoManager ReloadAssembly
Native extension for WindowsStandalone target not found
Refreshing native plugins compatible for Editor in 0.68 ms, found 1 plugins.
Preloading 0 native plugins for Editor in 0.00 ms.
Invoked RoslynAnalysisRunner static constructor.
RoslynAnalysisRunner will not be running.
RoslynAnalysisRunner has terminated.
Mono: successfully reloaded assembly
- Completed reload, in  1.644 seconds
Platform modules already initialized, skipping
Refreshing native plugins compatible for Editor in 1.13 ms, found 1 plugins.
Preloading 0 native plugins for Editor in 0.00 ms.
Unloading 2201 Unused Serialized files (Serialized files now loaded: 0)
System memory in use before: 98.3 MB.
System memory in use after: 98.5 MB.

Unloading 12 unused Assets to reduce memory usage. Loaded Objects now: 2715.
Total: 3.313100 ms (FindLiveObjects: 0.428900 ms CreateObjectMapping: 0.110000 ms MarkObjects: 2.743400 ms  DeleteObjects: 0.028400 ms)

========================================================================
Received Prepare
Registering precompiled user dll's ...
Registered in 0.001253 seconds.
Begin MonoManager ReloadAssembly
Native extension for WindowsStandalone target not found
Refreshing native plugins compatible for Editor in 0.74 ms, found 1 plugins.
Preloading 0 native plugins for Editor in 0.00 ms.
Invoked RoslynAnalysisRunner static constructor.
RoslynAnalysisRunner will not be running.
RoslynAnalysisRunner has terminated.
Mono: successfully reloaded assembly
- Completed reload, in  2.311 seconds
Platform modules already initialized, skipping
Refreshing native plugins compatible for Editor in 0.68 ms, found 1 plugins.
Preloading 0 native plugins for Editor in 0.00 ms.
Unloading 2201 Unused Serialized files (Serialized files now loaded: 0)
System memory in use before: 98.4 MB.
System memory in use after: 98.5 MB.

Unloading 12 unused Assets to reduce memory usage. Loaded Objects now: 2718.
Total: 3.342600 ms (FindLiveObjects: 0.388900 ms CreateObjectMapping: 0.116200 ms MarkObjects: 2.784900 ms  DeleteObjects: 0.050300 ms)

========================================================================
Received Import Request.
  Time since last request: 1938.567671 seconds.
  path: Assets/MyAssets/Slippery.physicsMaterial2D
  artifactKey: Guid(c71343e187434994fa95d4a81c354309) Importer(815301076,1909f56bfc062723c751e8b465ee728b)
Start importing Assets/MyAssets/Slippery.physicsMaterial2D using Guid(c71343e187434994fa95d4a81c354309) Importer(815301076,1909f56bfc062723c751e8b465ee728b)  -> (artifact id: 'e5c2ce494d5c46d865dfec8cd57fa034') in 0.029639 seconds
  Import took 0.035506 seconds .

========================================================================
Received Prepare
Registering precompiled user dll's ...
Registered in 0.001210 seconds.
Begin MonoManager ReloadAssembly
Native extension for WindowsStandalone target not found
Refreshing native plugins compatible for Editor in 0.79 ms, found 1 plugins.
Preloading 0 native plugins for Editor in 0.00 ms.
Invoked RoslynAnalysisRunner static constructor.
RoslynAnalysisRunner will not be running.
RoslynAnalysisRunner has terminated.
Mono: successfully reloaded assembly
- Completed reload, in  1.413 seconds
Platform modules already initialized, skipping
Refreshing native plugins compatible for Editor in 0.82 ms, found 1 plugins.
Preloading 0 native plugins for Editor in 0.00 ms.
Unloading 2201 Unused Serialized files (Serialized files now loaded: 0)
System memory in use before: 98.4 MB.
System memory in use after: 98.5 MB.

Unloading 12 unused Assets to reduce memory usage. Loaded Objects now: 2721.
Total: 3.603000 ms (FindLiveObjects: 0.602400 ms CreateObjectMapping: 0.134600 ms MarkObjects: 2.810700 ms  DeleteObjects: 0.053200 ms)

========================================================================
Received Prepare
Registering precompiled user dll's ...
Registered in 0.001282 seconds.
Begin MonoManager ReloadAssembly
Native extension for WindowsStandalone target not found
Refreshing native plugins compatible for Editor in 0.69 ms, found 1 plugins.
Preloading 0 native plugins for Editor in 0.00 ms.
Invoked RoslynAnalysisRunner static constructor.
RoslynAnalysisRunner will not be running.
RoslynAnalysisRunner has terminated.
Mono: successfully reloaded assembly
- Completed reload, in  1.710 seconds
Platform modules already initialized, skipping
Refreshing native plugins compatible for Editor in 0.71 ms, found 1 plugins.
Preloading 0 native plugins for Editor in 0.00 ms.
Unloading 2201 Unused Serialized files (Serialized files now loaded: 0)
System memory in use before: 98.4 MB.
System memory in use after: 98.6 MB.

Unloading 12 unused Assets to reduce memory usage. Loaded Objects now: 2724.
Total: 3.443500 ms (FindLiveObjects: 0.402400 ms CreateObjectMapping: 0.132500 ms MarkObjects: 2.874700 ms  DeleteObjects: 0.031400 ms)

========================================================================
Received Prepare
Registering precompiled user dll's ...
Registered in 0.001280 seconds.
Begin MonoManager ReloadAssembly
Native extension for WindowsStandalone target not found
Refreshing native plugins compatible for Editor in 0.96 ms, found 1 plugins.
Preloading 0 native plugins for Editor in 0.00 ms.
Invoked RoslynAnalysisRunner static constructor.
RoslynAnalysisRunner will not be running.
RoslynAnalysisRunner has terminated.
Mono: successfully reloaded assembly
- Completed reload, in  2.419 seconds
Platform modules already initialized, skipping
Refreshing native plugins compatible for Editor in 2.60 ms, found 1 plugins.
Preloading 0 native plugins for Editor in 0.00 ms.
Unloading 2201 Unused Serialized files (Serialized files now loaded: 0)
System memory in use before: 98.4 MB.
System memory in use after: 98.6 MB.

Unloading 12 unused Assets to reduce memory usage. Loaded Objects now: 2727.
Total: 4.987600 ms (FindLiveObjects: 0.451400 ms CreateObjectMapping: 0.151800 ms MarkObjects: 4.346200 ms  DeleteObjects: 0.035800 ms)

========================================================================
Received Prepare
Registering precompiled user dll's ...
Registered in 0.001904 seconds.
Begin MonoManager ReloadAssembly
Native extension for WindowsStandalone target not found
Refreshing native plugins compatible for Editor in 0.76 ms, found 1 plugins.
Preloading 0 native plugins for Editor in 0.00 ms.
Invoked RoslynAnalysisRunner static constructor.
RoslynAnalysisRunner will not be running.
RoslynAnalysisRunner has terminated.
Mono: successfully reloaded assembly
- Completed reload, in  1.962 seconds
Platform modules already initialized, skipping
Refreshing native plugins compatible for Editor in 0.96 ms, found 1 plugins.
Preloading 0 native plugins for Editor in 0.00 ms.
Unloading 2201 Unused Serialized files (Serialized files now loaded: 0)
System memory in use before: 98.4 MB.
System memory in use after: 98.6 MB.

Unloading 12 unused Assets to reduce memory usage. Loaded Objects now: 2730.
Total: 3.556800 ms (FindLiveObjects: 0.261700 ms CreateObjectMapping: 0.104600 ms MarkObjects: 3.156400 ms  DeleteObjects: 0.031600 ms)

========================================================================
Received Prepare
Registering precompiled user dll's ...
Registered in 0.001744 seconds.
Begin MonoManager ReloadAssembly
Native extension for WindowsStandalone target not found
Refreshing native plugins compatible for Editor in 0.73 ms, found 1 plugins.
Preloading 0 native plugins for Editor in 0.00 ms.
Invoked RoslynAnalysisRunner static constructor.
RoslynAnalysisRunner will not be running.
RoslynAnalysisRunner has terminated.
Mono: successfully reloaded assembly
- Completed reload, in  2.081 seconds
Platform modules already initialized, skipping
Refreshing native plugins compatible for Editor in 0.96 ms, found 1 plugins.
Preloading 0 native plugins for Editor in 0.00 ms.
Unloading 2201 Unused Serialized files (Serialized files now loaded: 0)
System memory in use before: 98.4 MB.
System memory in use after: 98.6 MB.

Unloading 12 unused Assets to reduce memory usage. Loaded Objects now: 2733.
Total: 3.600300 ms (FindLiveObjects: 0.297500 ms CreateObjectMapping: 0.117200 ms MarkObjects: 3.153400 ms  DeleteObjects: 0.029600 ms)

========================================================================
Received Prepare
Registering precompiled user dll's ...
Registered in 0.001280 seconds.
Begin MonoManager ReloadAssembly
Native extension for WindowsStandalone target not found
Refreshing native plugins compatible for Editor in 0.94 ms, found 1 plugins.
Preloading 0 native plugins for Editor in 0.00 ms.
Invoked RoslynAnalysisRunner static constructor.
RoslynAnalysisRunner will not be running.
RoslynAnalysisRunner has terminated.
Mono: successfully reloaded assembly
- Completed reload, in  1.769 seconds
Platform modules already initialized, skipping
Refreshing native plugins compatible for Editor in 1.08 ms, found 1 plugins.
Preloading 0 native plugins for Editor in 0.00 ms.
Unloading 2201 Unused Serialized files (Serialized files now loaded: 0)
System memory in use before: 98.4 MB.
System memory in use after: 98.6 MB.

Unloading 12 unused Assets to reduce memory usage. Loaded Objects now: 2736.
Total: 4.949900 ms (FindLiveObjects: 0.464200 ms CreateObjectMapping: 0.159300 ms MarkObjects: 4.288600 ms  DeleteObjects: 0.034500 ms)

========================================================================
Received Prepare
Registering precompiled user dll's ...
Registered in 0.006347 seconds.
Begin MonoManager ReloadAssembly
Native extension for WindowsStandalone target not found
Refreshing native plugins compatible for Editor in 1.09 ms, found 1 plugins.
Preloading 0 native plugins for Editor in 0.00 ms.
Invoked RoslynAnalysisRunner static constructor.
RoslynAnalysisRunner will not be running.
RoslynAnalysisRunner has terminated.
Mono: successfully reloaded assembly
- Completed reload, in  1.783 seconds
Platform modules already initialized, skipping
Refreshing native plugins compatible for Editor in 0.68 ms, found 1 plugins.
Preloading 0 native plugins for Editor in 0.00 ms.
Unloading 2201 Unused Serialized files (Serialized files now loaded: 0)
System memory in use before: 98.4 MB.
System memory in use after: 98.6 MB.

Unloading 12 unused Assets to reduce memory usage. Loaded Objects now: 2739.
Total: 4.391600 ms (FindLiveObjects: 0.377700 ms CreateObjectMapping: 0.125000 ms MarkObjects: 3.854700 ms  DeleteObjects: 0.031100 ms)

========================================================================
Received Prepare
Registering precompiled user dll's ...
Registered in 0.003334 seconds.
Begin MonoManager ReloadAssembly
Native extension for WindowsStandalone target not found
Refreshing native plugins compatible for Editor in 0.88 ms, found 1 plugins.
Preloading 0 native plugins for Editor in 0.00 ms.
Invalid AssetDatabase path: /Editor/EditorResources/cm_logo_sm.png. Use path relative to the project folder.
UnityEngine.StackTraceUtility:ExtractStackTrace ()
UnityEditor.AssetDatabase:LoadAssetAtPath<UnityEngine.Texture2D> (string)
Cinemachine.Editor.CinemachineSettings:get_CinemachineLogoTexture () (at Library/PackageCache/com.unity.cinemachine@2.6.4/Editor/Windows/CinemachineSettings.cs:205)
Cinemachine.Editor.CinemachineSettings:.cctor () (at Library/PackageCache/com.unity.cinemachine@2.6.4/Editor/Windows/CinemachineSettings.cs:237)
Cinemachine.CinemachineColliderPrefs:.cctor () (at Library/PackageCache/com.unity.cinemachine@2.6.4/Editor/Windows/CinemachineColliderPrefs.cs:61)
System.Runtime.CompilerServices.RuntimeHelpers:RunClassConstructor (System.RuntimeTypeHandle)
UnityEditor.EditorAssemblies:ProcessInitializeOnLoadAttributes (System.Type[])

[Library/PackageCache/com.unity.cinemachine@2.6.4/Editor/Windows/CinemachineSettings.cs line 205]

Invoked RoslynAnalysisRunner static constructor.
RoslynAnalysisRunner will not be running.
RoslynAnalysisRunner has terminated.
Mono: successfully reloaded assembly
- Completed reload, in  2.298 seconds
Platform modules already initialized, skipping
Refreshing native plugins compatible for Editor in 0.74 ms, found 1 plugins.
Preloading 0 native plugins for Editor in 0.00 ms.
Unloading 2347 Unused Serialized files (Serialized files now loaded: 0)
System memory in use before: 103.5 MB.
System memory in use after: 103.7 MB.

Unloading 13 unused Assets to reduce memory usage. Loaded Objects now: 2887.
Total: 5.383700 ms (FindLiveObjects: 0.290500 ms CreateObjectMapping: 0.126200 ms MarkObjects: 4.755500 ms  DeleteObjects: 0.209200 ms)

